Tue, 25 Jul 2017 12:00:47 BurnDown.py[line:16] INFO the tests of BurnDown starts.
Tue, 25 Jul 2017 12:00:53 BurnDown.py[line:21] INFO load web page successfully.
Tue, 25 Jul 2017 12:00:53 BurnDown.py[line:35] INFO h1-title run successfully.
Tue, 25 Jul 2017 12:00:58 BurnDown.py[line:49] INFO the link of Home run successfully.
Tue, 25 Jul 2017 12:01:00 BurnDown.py[line:63] INFO the text of breadcrumb run successfully.
Tue, 25 Jul 2017 12:01:00 BurnDown.py[line:75] INFO the panel-title run successfully.
Tue, 25 Jul 2017 12:01:02 BurnDown.py[line:85] INFO the button of help run successfully.
Tue, 25 Jul 2017 12:01:04 BurnDown.py[line:103] INFO the text of main-footer run successfully.
Tue, 25 Jul 2017 12:01:39 BurnDown.py[line:115] INFO the link of Nokia run successfully.
Tue, 25 Jul 2017 12:01:40 BurnDown.py[line:136] INFO the dropdown of systemRealse run successfully.
Tue, 25 Jul 2017 12:01:43 BurnDown.py[line:156] INFO the dropdown of Team run successfully.
Tue, 25 Jul 2017 12:01:44 BurnDown.py[line:171] INFO the canvas run successfully.
Tue, 25 Jul 2017 12:02:05 BurnDown.py[line:27] INFO the tests of BurnDown ends.

Tue, 25 Jul 2017 12:02:05 FeatureDashBoard.py[line:14] INFO the tests of FeatureDashBoard starts.
Tue, 25 Jul 2017 12:02:12 FeatureDashBoard.py[line:19] INFO load web page successfully.
Tue, 25 Jul 2017 12:02:12 FeatureDashBoard.py[line:39] INFO the text of h1-title run successfully.
Tue, 25 Jul 2017 12:02:23 FeatureDashBoard.py[line:53] INFO the link of Home run successfully.
Tue, 25 Jul 2017 12:02:24 FeatureDashBoard.py[line:64] INFO the text of breadcrumb run successfully.
Tue, 25 Jul 2017 12:02:26 FeatureDashBoard.py[line:80] INFO the panel-title run successfully.
Tue, 25 Jul 2017 12:03:02 FeatureDashBoard.py[line:99] INFO the main-footer run successfully.
Tue, 25 Jul 2017 12:03:04 FeatureDashBoard.py[line:117] INFO the dropdown of dataTables_length run successfully.
Tue, 25 Jul 2017 12:03:53 FeatureDashBoard.py[line:140] INFO the dropdown of SystemRealserun run successfully.
Tue, 25 Jul 2017 12:04:05 FeatureDashBoard.py[line:164] INFO the dropdown of RnD Commitment run successfully.
Tue, 25 Jul 2017 12:04:16 FeatureDashBoard.py[line:189] INFO the dropdown of viewSelect run successfully.
Tue, 25 Jul 2017 12:04:18 FeatureDashBoard.py[line:204] INFO the search button run successfully.
Tue, 25 Jul 2017 12:04:41 FeatureDashBoard.py[line:239] INFO the normalHead of excel run successfully.
Tue, 25 Jul 2017 12:04:54 FeatureDashBoard.py[line:265] INFO the column1-Name run successfully.
Tue, 25 Jul 2017 12:05:01 FeatureDashBoard.py[line:287] INFO the column2-FeatureComponentTitle run successfully.
Tue, 25 Jul 2017 12:05:08 FeatureDashBoard.py[line:308] INFO the column3-Ram run successfully.
Tue, 25 Jul 2017 12:05:12 FeatureDashBoard.py[line:329] INFO the column4-Contribution run successfully.
Tue, 25 Jul 2017 12:05:15 FeatureDashBoard.py[line:350] INFO the column5-FS Status run successfully.
Tue, 25 Jul 2017 12:05:24 FeatureDashBoard.py[line:372] INFO the column6-Total Resource Demand[h] run successfully.
Tue, 25 Jul 2017 12:05:35 FeatureDashBoard.py[line:393] INFO the column7-Total Progress run successfully.
Tue, 25 Jul 2017 12:05:44 FeatureDashBoard.py[line:414] INFO the column8-Sub-Feature Completion run successfully.
Tue, 25 Jul 2017 12:05:54 FeatureDashBoard.py[line:435] INFO the column9-5G_FT Resource Demand[h] run successfully.
Tue, 25 Jul 2017 12:06:04 FeatureDashBoard.py[line:457] INFO the column10-5G_FT Progress run successfully.
Tue, 25 Jul 2017 12:06:14 FeatureDashBoard.py[line:478] INFO the column11-5G_FT Sub-Feature Completion run successfully.
Tue, 25 Jul 2017 12:06:18 FeatureDashBoard.py[line:500] INFO the column12-5G_FT Progress Per Plan run successfully.
Tue, 25 Jul 2017 12:06:22 FeatureDashBoard.py[line:521] INFO the column13-5G_FT Progress Per Plan run successfully.
Tue, 25 Jul 2017 12:06:26 FeatureDashBoard.py[line:542] INFO the column14-RAM Input Comment Per Plan run successfully.
Tue, 25 Jul 2017 12:06:47 FeatureDashBoard.py[line:26] INFO the tests of FeatureDashBoard ends.
Tue, 25 Jul 2017 12:06:47 Selenium_Release_Milestones.py[line:17] INFO the test of 'Selenium_Release_Milestones.py' starts
Tue, 25 Jul 2017 12:07:08 Selenium_Release_Milestones.py[line:46] INFO The 'Click_Home' method run successfully
Tue, 25 Jul 2017 12:07:09 Selenium_Release_Milestones.py[line:70] INFO The 'Click_question_Button' method run successfully
Tue, 25 Jul 2017 12:07:10 Selenium_Release_Milestones.py[line:85] INFO The 'Search_Send_Keys' method run successfully
Tue, 25 Jul 2017 12:07:16 Selenium_Release_Milestones.py[line:115] INFO The 'Click_table_title' method run successfully
Tue, 25 Jul 2017 12:07:20 Selenium_Release_Milestones.py[line:135] INFO The 'Click_Edit' method run successfully
Tue, 25 Jul 2017 12:07:22 Selenium_Release_Milestones.py[line:155] INFO The 'Select_Show_Num' method run successfully
Tue, 25 Jul 2017 12:07:48 Selenium_Release_Milestones.py[line:169] INFO The 'Click_Nokia' method run successfully
Tue, 25 Jul 2017 12:08:16 Selenium_Release_Milestones.py[line:205] INFO the test of 'Selenium_Release_Milestones.py' has finished.
Tue, 25 Jul 2017 12:08:16 Selenium_Resource_Allocation_To_Release.py[line:16] INFO the test of 'Selenium_Release_Milestones.py' starts
Tue, 25 Jul 2017 12:08:35 Selenium_Resource_Allocation_To_Release.py[line:56] INFO The 'Click_Home' method run successfully
Tue, 25 Jul 2017 12:08:38 Selenium_Resource_Allocation_To_Release.py[line:71] INFO The 'Click_question_Button' method run successfully
Tue, 25 Jul 2017 12:08:43 Selenium_Resource_Allocation_To_Release.py[line:93] INFO The 'Click_First_Button' method run successfully
Tue, 25 Jul 2017 12:08:49 Selenium_Resource_Allocation_To_Release.py[line:115] INFO The 'Click_Second_Button' method run successfully
Tue, 25 Jul 2017 12:08:56 Selenium_Resource_Allocation_To_Release.py[line:138] INFO The 'Click_Third_Button' method run successfully
Tue, 25 Jul 2017 12:09:01 Selenium_Resource_Allocation_To_Release.py[line:154] INFO The 'Click_Fourth_Button' method run successfully
Tue, 25 Jul 2017 12:09:05 Selenium_Resource_Allocation_To_Release.py[line:197] INFO The 'Search_Send_Keys' method run successfully
Tue, 25 Jul 2017 12:09:08 Selenium_Resource_Allocation_To_Release.py[line:218] INFO The 'Select_Show_Num' method run successfully
Tue, 25 Jul 2017 12:09:14 Selenium_Resource_Allocation_To_Release.py[line:180] INFO The 'Date_Select' method run successfully
Tue, 25 Jul 2017 12:09:29 Selenium_Resource_Allocation_To_Release.py[line:249] INFO The 'Canvas_is_Showed' method run successfully
Tue, 25 Jul 2017 12:09:37 Selenium_Resource_Allocation_To_Release.py[line:265] INFO The 'Under_Canvas_Click' method run successfully
Tue, 25 Jul 2017 12:09:45 Selenium_Resource_Allocation_To_Release.py[line:297] INFO The 'Table_Page_Change' method run successfully
Tue, 25 Jul 2017 12:10:06 Selenium_Resource_Allocation_To_Release.py[line:306] INFO the test of 'Selenium_Resource_Allocation_To_Release.py' has finished.
Tue, 25 Jul 2017 12:10:06 login.py[line:17] INFO the tests of login starts.
Tue, 25 Jul 2017 12:10:12 login.py[line:22] INFO load web page successfully.
Tue, 25 Jul 2017 12:10:15 login.py[line:40] INFO the link of 'Webbacklog' run successfully.
Tue, 25 Jul 2017 12:10:15 login.py[line:45] INFO the text of 'Sign in to start your session' run successfully.
Tue, 25 Jul 2017 12:10:15 login.py[line:57] INFO the 'login-box-body' run successfully.
Tue, 25 Jul 2017 12:10:15 login.py[line:68] INFO the 'login-box-msg' run successfully.
Tue, 25 Jul 2017 12:10:16 login.py[line:81] INFO the input of user-account run successfully.
Tue, 25 Jul 2017 12:10:17 login.py[line:95] INFO the input of user-passwd run successfully.
Tue, 25 Jul 2017 12:10:18 login.py[line:109] INFO the icon of user-account run successfully.
Tue, 25 Jul 2017 12:10:19 login.py[line:124] INFO the icon of user-passwd run successfully.
Tue, 25 Jul 2017 12:10:21 login.py[line:139] INFO the checkbox of remember me run successfully.
Tue, 25 Jul 2017 12:10:44 login.py[line:153] INFO the button of submit run successfully.
Tue, 25 Jul 2017 12:11:05 login.py[line:29] INFO the tests of login ends.

Tue, 25 Jul 2017 12:11:09 test_pytest_webbacklog_AbEE.py[line:36] INFO start test_pytest_webbacklog_AbEE.py
Tue, 25 Jul 2017 12:11:12 test_pytest_webbacklog_AbEE.py[line:50] INFO help button run successfully
Tue, 25 Jul 2017 12:11:13 test_pytest_webbacklog_AbEE.py[line:59] INFO close button run successfully
Tue, 25 Jul 2017 12:11:18 test_pytest_webbacklog_AbEE.py[line:72] INFO home button run successfully
Tue, 25 Jul 2017 12:11:18 test_pytest_webbacklog_AbEE.py[line:81] INFO Text display successfully
Tue, 25 Jul 2017 12:12:33 test_pytest_webbacklog_AbEE.py[line:100] INFO chart display successfully
Tue, 25 Jul 2017 12:12:33 test_pytest_webbacklog_AbEE.py[line:103] INFO end test_pytest_webbacklog_AbEE.py
Tue, 25 Jul 2017 12:12:58 test_pytest_webbacklog_EER.py[line:37] INFO start test_pytest_webbacklog_EER.py
Tue, 25 Jul 2017 12:13:02 test_pytest_webbacklog_EER.py[line:261] INFO help button run successfully
Tue, 25 Jul 2017 12:13:03 test_pytest_webbacklog_EER.py[line:269] INFO close button run successfully
Tue, 25 Jul 2017 12:13:14 test_pytest_webbacklog_EER.py[line:282] INFO home button run successfully
Tue, 25 Jul 2017 12:13:14 test_pytest_webbacklog_EER.py[line:291] INFO Text display successfully
Tue, 25 Jul 2017 12:13:17 test_pytest_webbacklog_EER.py[line:307] INFO 5g17,1706,all,pred table display successfully
Tue, 25 Jul 2017 12:13:44 test_pytest_webbacklog_EER.py[line:348] INFO 5g17,1706,all,pred table data display wrong
Tue, 25 Jul 2017 12:13:45 test_pytest_webbacklog_EER.py[line:358] INFO 5g17,1706,FT,pred display successfully
Tue, 25 Jul 2017 12:13:47 test_pytest_webbacklog_EER.py[line:368] INFO 5g17,1706,FT,e table display successfully
Tue, 25 Jul 2017 12:13:49 test_pytest_webbacklog_EER.py[line:380] INFO 5g17,1706,EXT,pred table display successfully
Tue, 25 Jul 2017 12:13:51 test_pytest_webbacklog_EER.py[line:394] INFO 5g17,1707,EXT,pred table display successfully
Tue, 25 Jul 2017 12:13:53 test_pytest_webbacklog_EER.py[line:406] INFO 5g17,1707,FT,pred table display successfully
Tue, 25 Jul 2017 12:13:54 test_pytest_webbacklog_EER.py[line:416] INFO 5g17,1707,FT,e table display successfully
Tue, 25 Jul 2017 12:13:56 test_pytest_webbacklog_EER.py[line:428] INFO 5g17,1707,EXT,pred table display successfully
Tue, 25 Jul 2017 12:13:59 test_pytest_webbacklog_EER.py[line:444] INFO 5g17A5G,1706,all,pred table display successfully
Tue, 25 Jul 2017 12:14:01 test_pytest_webbacklog_EER.py[line:455] INFO 5g17A5G,1706,FT,pred table display successfully
Tue, 25 Jul 2017 12:14:02 test_pytest_webbacklog_EER.py[line:465] INFO 5g17A5G,1706,FT,e table display successfully
Tue, 25 Jul 2017 12:14:04 test_pytest_webbacklog_EER.py[line:477] INFO 5g17A5G,1706,EXT,pred table display successfully
Tue, 25 Jul 2017 12:14:06 test_pytest_webbacklog_EER.py[line:491] INFO 5g17A5G,1707,EXT,pred table display successfully
Tue, 25 Jul 2017 12:14:08 test_pytest_webbacklog_EER.py[line:503] INFO 5g17A5G,1707,FT,pred table display successfully
Tue, 25 Jul 2017 12:14:09 test_pytest_webbacklog_EER.py[line:513] INFO 5g17A5G,1707,FT,e table display successfully
Tue, 25 Jul 2017 12:14:11 test_pytest_webbacklog_EER.py[line:525] INFO 5g17A5G,1707,EXT,pred table display successfully
Tue, 25 Jul 2017 12:14:11 test_pytest_webbacklog_EER.py[line:528] INFO end test_pytest_webbacklog_EER.py
